# Logfile created on 2012-11-18 23:01:39 +0200 by logger.rb/25413
REQUESTING PAGE: GET /users/new with {} and HTTP headers {}
REQUESTING PAGE: GET /users/new with {} and HTTP headers {}
REQUESTING PAGE: GET /users/new with {} and HTTP headers {}
REQUESTING PAGE: GET /users/new with {} and HTTP headers {}
REQUESTING PAGE: POST /users with {"utf8"=>"✓", "user"=>{"email"=>"", "password"=>"", "password_confirmation"=>""}, "hidden"=>"", "commit"=>"Gönder"} and HTTP headers {"HTTP_REFERER"=>"/users/new"}
REQUESTING PAGE: GET /users/new with {} and HTTP headers {}
REQUESTING PAGE: POST /users with {"utf8"=>"✓", "user"=>{"email"=>"", "password"=>"", "password_confirmation"=>""}, "hidden"=>"", "commit"=>"Gönder"} and HTTP headers {"HTTP_REFERER"=>"/users/new"}
REQUESTING PAGE: GET /users/new with {} and HTTP headers {}
REQUESTING PAGE: POST /users with {"utf8"=>"✓", "user"=>{"email"=>"", "password"=>"", "password_confirmation"=>""}, "hidden"=>"", "commit"=>"Gönder"} and HTTP headers {"HTTP_REFERER"=>"/users/new"}
REQUESTING PAGE: GET /users/new with {} and HTTP headers {}
REQUESTING PAGE: POST /users with {"utf8"=>"✓", "user"=>{"email"=>"", "password"=>"", "password_confirmation"=>""}, "hidden"=>"", "commit"=>"Gönder"} and HTTP headers {"HTTP_REFERER"=>"/users/new"}
REQUESTING PAGE: GET /users/new with {} and HTTP headers {}
REQUESTING PAGE: POST /users with {"utf8"=>"✓", "user"=>{"email"=>"user@example.com", "password"=>"foobar", "password_confirmation"=>"foobar"}, "hidden"=>"", "commit"=>"Gönder"} and HTTP headers {"HTTP_REFERER"=>"/users/new"}
REQUESTING PAGE: GET http://www.example.com/jobs with {} and HTTP headers {"HTTP_REFERER"=>"/users"}
REQUESTING PAGE: GET /users/new with {} and HTTP headers {}
REQUESTING PAGE: POST /users with {"utf8"=>"✓", "user"=>{"email"=>"", "password"=>"", "password_confirmation"=>""}, "hidden"=>"", "commit"=>"Gönder"} and HTTP headers {"HTTP_REFERER"=>"/users/new"}
REQUESTING PAGE: GET /users/new with {} and HTTP headers {}
REQUESTING PAGE: POST /users with {"utf8"=>"✓", "user"=>{"email"=>"user@example.com", "password"=>"foobar", "password_confirmation"=>"foobar"}, "hidden"=>"", "commit"=>"Gönder"} and HTTP headers {"HTTP_REFERER"=>"/users/new"}
REQUESTING PAGE: GET http://www.example.com/jobs with {} and HTTP headers {"HTTP_REFERER"=>"/users"}
REQUESTING PAGE: GET /users/new with {} and HTTP headers {}
REQUESTING PAGE: POST /users with {"utf8"=>"✓", "user"=>{"email"=>"", "password"=>"", "password_confirmation"=>""}, "hidden"=>"", "commit"=>"Gönder"} and HTTP headers {"HTTP_REFERER"=>"/users/new"}
REQUESTING PAGE: GET /users/new with {} and HTTP headers {}
REQUESTING PAGE: POST /users with {"utf8"=>"✓", "user"=>{"email"=>"user@example.com", "password"=>"foobar", "password_confirmation"=>"foobar"}, "hidden"=>"", "commit"=>"Gönder"} and HTTP headers {"HTTP_REFERER"=>"/users/new"}
REQUESTING PAGE: GET http://www.example.com/jobs with {} and HTTP headers {"HTTP_REFERER"=>"/users"}
